Added Component: Designator=C1(10mm_CAP)
Add component (AddParameter): Name = "value"; Value = "47nF 630V 10mm"; VariantName = "[No Variations]"
Added Component: Designator=C2(15mm_cap)
Add component (AddParameter): Name = "value"; Value = "100nF 630V 15mm"; VariantName = "[No Variations]"
Added Component: Designator=C3(15mm_cap)
Add component (AddParameter): Name = "value"; Value = "100nF 630V 15mm"; VariantName = "[No Variations]"
Added Component: Designator=CON1(CON_FP_2P_Erkek)
Add component (AddParameter): Name = "ComponentLink1Description"; Value = "Supplier"; VariantName = "[No Variations]"
Add component (AddParameter): Name = "ComponentLink1URL"; Value = "https://www.megaradar.com.tr/urunler/soketli-baskili-devre-klemensi/5-08mm/5-08mm-soketli-klemens-erkek-90%C2%B0-kapali-2-pim.html"; VariantName = "[No Variations]"
Add component (AddParameter): Name = "value"; Value = "5,08mm 2P CON Erkek"; VariantName = "[No Variations]"
Added Component: Designator=CON2(CON_FP_2P_Erkek)
Add component (AddParameter): Name = "ComponentLink1Description"; Value = "Supplier"; VariantName = "[No Variations]"
Add component (AddParameter): Name = "ComponentLink1URL"; Value = "https://www.megaradar.com.tr/urunler/soketli-baskili-devre-klemensi/5-08mm/5-08mm-soketli-klemens-erkek-90%C2%B0-kapali-2-pim.html"; VariantName = "[No Variations]"
Add component (AddParameter): Name = "value"; Value = "5,08mm 2P CON Erkek"; VariantName = "[No Variations]"
Added Component: Designator=D1(DB3)
Add component (AddParameter): Name = "Availability"; Value = "In Stock"; VariantName = "[No Variations]"
Add component (AddParameter): Name = "Check_prices"; Value = "https://www.snapeda.com/parts/DB3TG/STMicroelectronics/view-part/?ref=eda"; VariantName = "[No Variations]"
Add component (AddParameter): Name = "MF"; Value = "STMicroelectronics"; VariantName = "[No Variations]"
Add component (AddParameter): Name = "MP"; Value = "DB3TG"; VariantName = "[No Variations]"
Add component (AddParameter): Name = "Package"; Value = "DO-35 STMicroelectronics"; VariantName = "[No Variations]"
Add component (AddParameter): Name = "Price"; Value = "None"; VariantName = "[No Variations]"
Add component (AddParameter): Name = "Purchase-URL"; Value = "https://pricing.snapeda.com/search/part/DB3TG/?ref=eda"; VariantName = "[No Variations]"
Add component (AddParameter): Name = "SnapEDA_Link"; Value = "https://www.snapeda.com/parts/DB3TG/STMicroelectronics/view-part/?ref=snap"; VariantName = "[No Variations]"
Add component (AddParameter): Name = "Value"; Value = "Diac"; VariantName = "[No Variations]"
Added Component: Designator=L1(7447013)
Add component (AddParameter): Name = "Category"; Value = "Filter Chokes"; VariantName = "[No Variations]"
Add component (AddParameter): Name = "ComponentLink1Description"; Value = "Website Link"; VariantName = "[No Variations]"
Add component (AddParameter): Name = "ComponentLink1URL"; Value = "https://www.we-online.com/redexpert/article/7447013?ad"; VariantName = "[No Variations]"
Add component (AddParameter): Name = "ComponentLink2Description"; Value = "Datasheet Link"; VariantName = "[No Variations]"
Add component (AddParameter): Name = "ComponentLink2URL"; Value = "https://www.we-online.com/redexpert/spec/7447013?ad"; VariantName = "[No Variations]"
Add component (AddParameter): Name = "DC Resistance Max"; Value = "0.04?"; VariantName = "[No Variations]"
Add component (AddParameter): Name = "Height"; Value = "18.5mm"; VariantName = "[No Variations]"
Add component (AddParameter): Name = "Length"; Value = "18.5mm"; VariantName = "[No Variations]"
Add component (AddParameter): Name = "Manufacturer"; Value = "Wurth Elektronik"; VariantName = "[No Variations]"
Add component (AddParameter): Name = "Manufacturer Part Number"; Value = "7447013"; VariantName = "[No Variations]"
Add component (AddParameter): Name = "Match Code"; Value = "WE-FI"; VariantName = "[No Variations]"
Add component (AddParameter): Name = "Mount"; Value = "Through Hole"; VariantName = "[No Variations]"
Add component (AddParameter): Name = "Operating Temperature Max"; Value = "105°C"; VariantName = "[No Variations]"
Add component (AddParameter): Name = "Operating Temperature Min"; Value = "-40°C"; VariantName = "[No Variations]"
Add component (AddParameter): Name = "Packaging"; Value = "Tray"; VariantName = "[No Variations]"
Add component (AddParameter): Name = "Rated Current"; Value = "4.6A"; VariantName = "[No Variations]"
Add component (AddParameter): Name = "Width"; Value = "10.5mm"; VariantName = "[No Variations]"
Add component (AddParameter): Name = "Inductance"; Value = "90µH"; VariantName = "[No Variations]"
Added Component: Designator=POT1(Potentiometers)
Add component (AddParameter): Name = "value"; Value = "250k POT"; VariantName = "[No Variations]"
Added Component: Designator=R1(1/4W axial)
Add component (AddParameter): Name = "value"; Value = "470k 1/4W"; VariantName = "[No Variations]"
Added Component: Designator=R2(1/4W axial)
Add component (AddParameter): Name = "value"; Value = "2.2k 1/4W"; VariantName = "[No Variations]"
Added Component: Designator=R3(1/4W axial)
Add component (AddParameter): Name = "value"; Value = "10K 1/2W"; VariantName = "[No Variations]"
Added Component: Designator=R4(1/2 axial)
Add component (AddParameter): Name = "value"; Value = "330R 1/2W"; VariantName = "[No Variations]"
Added Component: Designator=T1(TO-220)
Add component (AddParameter): Name = "value"; Value = "TRIAC"; VariantName = "[No Variations]"
Added Pin To Net: NetName=GND Pin=CON1-2
Added Pin To Net: NetName=GND Pin=CON2-1
Added Net: Name=GND
Added Pin To Net: NetName=NetC1_1 Pin=C1-1
Added Pin To Net: NetName=NetC1_1 Pin=R4-1
Added Net: Name=NetC1_1
Added Pin To Net: NetName=NetC1_2 Pin=C1-2
Added Pin To Net: NetName=NetC1_2 Pin=L1-2
Added Pin To Net: NetName=NetC1_2 Pin=POT1-3
Added Pin To Net: NetName=NetC1_2 Pin=R1-1
Added Pin To Net: NetName=NetC1_2 Pin=T1-1
Added Net: Name=NetC1_2
Added Pin To Net: NetName=NetC3_1 Pin=C3-1
Added Pin To Net: NetName=NetC3_1 Pin=CON2-2
Added Pin To Net: NetName=NetC3_1 Pin=R4-2
Added Pin To Net: NetName=NetC3_1 Pin=T1-2
Added Net: Name=NetC3_1
Added Pin To Net: NetName=NetC3_2 Pin=C3-2
Added Pin To Net: NetName=NetC3_2 Pin=R2-2
Added Pin To Net: NetName=NetC3_2 Pin=R3-2
Added Net: Name=NetC3_2
Added Pin To Net: NetName=NetCON1_1 Pin=CON1-1
Added Pin To Net: NetName=NetCON1_1 Pin=L1-1
Added Net: Name=NetCON1_1
Added Pin To Net: NetName=NetD1_1 Pin=D1-1
Added Pin To Net: NetName=NetD1_1 Pin=R3-1
Added Net: Name=NetD1_1
Added Pin To Net: NetName=NetD1_2 Pin=D1-2
Added Pin To Net: NetName=NetD1_2 Pin=T1-3
Added Net: Name=NetD1_2
Added Pin To Net: NetName=NetPOT1_1 Pin=POT1-1
Added Pin To Net: NetName=NetPOT1_1 Pin=POT1-2
Added Pin To Net: NetName=NetPOT1_1 Pin=R1-2
Added Pin To Net: NetName=NetPOT1_1 Pin=R2-1
Added Net: Name=NetPOT1_1
Added Class: Name=Main
